<?xml version="1.0" encoding="UTF-8"?>
<testng-results skipped="0" failed="0" total="1" passed="1">
  <reporter-output>
  </reporter-output>
  <suite name="Default suite" duration-ms="40560" started-at="2017-09-22T14:41:58Z" finished-at="2017-09-22T14:42:38Z">
    <groups>
    </groups>
    <test name="Default test" duration-ms="40560" started-at="2017-09-22T14:41:58Z" finished-at="2017-09-22T14:42:38Z">
      <class name="WordPress.WordPressProject.TestScripts.TC01_ValidLoginUser">
        <test-method status="PASS" signature="VerifyValidLogin()[pri:0, instance:WordPress.WordPressProject.TestScripts.TC01_ValidLoginUser@735b5592]" name="VerifyValidLogin" duration-ms="40528" started-at="2017-09-22T20:11:58Z" finished-at="2017-09-22T20:12:38Z">
          <reporter-output>
          </reporter-output>
        </test-method> <!-- VerifyValidLogin -->
      </class> <!-- WordPress.WordPressProject.TestScripts.TC01_ValidLoginUser -->
    </test> <!-- Default test -->
  </suite> <!-- Default suite -->
</testng-results>
